TN:
SF:/home/emmanuel/Projects/SelfProject/sendit/src/app.js
FN:19,(anonymous_1)
FN:25,(anonymous_2)
FNF:2
FNH:1
FNDA:0,(anonymous_1)
FNDA:1,(anonymous_2)
DA:1,1
DA:3,1
DA:6,1
DA:7,1
DA:9,1
DA:11,1
DA:12,1
DA:15,1
DA:16,1
DA:19,1
DA:20,0
DA:23,1
DA:25,1
DA:26,1
LF:14
LH:13
BRF:0
BRH:0
end_of_record
TN:
SF:/home/emmanuel/Projects/SelfProject/sendit/src/data/parcels.js
FNF:0
FNH:0
DA:1,1
LF:1
LH:1
BRF:0
BRH:0
end_of_record
TN:
SF:/home/emmanuel/Projects/SelfProject/sendit/src/data/users.js
FNF:0
FNH:0
DA:1,1
LF:1
LH:1
BRF:0
BRH:0
end_of_record
TN:
SF:/home/emmanuel/Projects/SelfProject/sendit/src/routes/parcels.js
FN:8,(anonymous_1)
FN:20,(anonymous_2)
FN:22,calculatePrice
FN:64,(anonymous_4)
FN:67,(anonymous_5)
FN:76,(anonymous_6)
FN:78,(anonymous_7)
FN:95,(anonymous_8)
FNF:8
FNH:0
FNDA:0,(anonymous_1)
FNDA:0,(anonymous_2)
FNDA:0,calculatePrice
FNDA:0,(anonymous_4)
FNDA:0,(anonymous_5)
FNDA:0,(anonymous_6)
FNDA:0,(anonymous_7)
FNDA:0,(anonymous_8)
DA:1,1
DA:2,1
DA:3,1
DA:5,1
DA:8,1
DA:9,0
DA:10,0
DA:11,0
DA:12,0
DA:14,0
DA:18,0
DA:20,0
DA:22,0
DA:24,0
DA:25,0
DA:28,0
DA:33,0
DA:36,0
DA:40,0
DA:41,0
DA:42,0
DA:43,0
DA:46,0
DA:48,0
DA:49,0
DA:57,0
DA:64,1
DA:65,0
DA:66,0
DA:67,0
DA:68,0
DA:76,1
DA:77,0
DA:78,0
DA:81,0
DA:82,0
DA:88,0
DA:95,1
DA:96,0
DA:97,0
DA:98,0
DA:99,0
DA:100,0
DA:101,0
DA:102,0
DA:103,0
DA:107,0
DA:108,0
DA:111,0
DA:112,0
DA:113,0
DA:114,0
DA:120,0
DA:125,0
DA:131,0
LF:55
LH:8
BRDA:24,0,0,0
BRDA:24,0,1,0
BRDA:33,1,0,0
BRDA:33,1,1,0
BRDA:37,2,0,0
BRDA:37,2,1,0
BRDA:81,3,0,0
BRDA:81,3,1,0
BRDA:100,4,0,0
BRDA:100,4,1,0
BRDA:107,5,0,0
BRDA:107,5,1,0
BRDA:108,6,0,0
BRDA:108,6,1,0
BRDA:109,7,0,0
BRDA:109,7,1,0
BRDA:112,8,0,0
BRDA:112,8,1,0
BRF:18
BRH:0
end_of_record
TN:
SF:/home/emmanuel/Projects/SelfProject/sendit/src/routes/users.js
FN:9,(anonymous_1)
FN:36,(anonymous_2)
FN:74,(anonymous_3)
FN:78,(anonymous_4)
FN:80,(anonymous_5)
FNF:5
FNH:0
FNDA:0,(anonymous_1)
FNDA:0,(anonymous_2)
FNDA:0,(anonymous_3)
FNDA:0,(anonymous_4)
FNDA:0,(anonymous_5)
DA:1,1
DA:3,1
DA:4,1
DA:5,1
DA:7,1
DA:9,1
DA:10,0
DA:12,0
DA:13,0
DA:18,0
DA:19,0
DA:24,0
DA:27,0
DA:32,0
DA:33,0
DA:36,0
DA:37,0
DA:38,0
DA:44,0
DA:45,0
DA:51,0
DA:52,0
DA:53,0
DA:54,0
DA:56,0
DA:61,0
DA:67,0
DA:74,1
DA:75,0
DA:76,0
DA:78,0
DA:79,0
DA:80,0
DA:81,0
DA:82,0
DA:86,0
DA:87,0
DA:94,0
DA:99,0
DA:105,1
LF:40
LH:8
BRDA:12,0,0,0
BRDA:12,0,1,0
BRDA:18,1,0,0
BRDA:18,1,1,0
BRDA:24,2,0,0
BRDA:24,2,1,0
BRDA:25,3,0,0
BRDA:25,3,1,0
BRDA:32,4,0,0
BRDA:32,4,1,0
BRDA:37,5,0,0
BRDA:37,5,1,0
BRDA:79,6,0,0
BRDA:79,6,1,0
BRDA:81,7,0,0
BRDA:81,7,1,0
BRDA:86,8,0,0
BRDA:86,8,1,0
BRF:18
BRH:0
end_of_record
TN:
SF:/home/emmanuel/Projects/SelfProject/sendit/src/test/test.spec.js
FN:8,(anonymous_1)
FN:10,(anonymous_2)
FN:11,(anonymous_3)
FN:13,(anonymous_4)
FN:19,(anonymous_5)
FN:21,(anonymous_6)
FN:23,(anonymous_7)
FN:43,(anonymous_8)
FN:53,(anonymous_9)
FN:73,(anonymous_10)
FN:82,(anonymous_11)
FN:83,(anonymous_12)
FN:85,(anonymous_13)
FN:93,(anonymous_14)
FN:95,(anonymous_15)
FN:97,(anonymous_16)
FN:104,(anonymous_17)
FN:106,(anonymous_18)
FN:114,(anonymous_19)
FN:116,(anonymous_20)
FN:118,(anonymous_21)
FN:126,(anonymous_22)
FN:128,(anonymous_23)
FN:134,(anonymous_24)
FN:136,(anonymous_25)
FN:144,(anonymous_26)
FN:146,(anonymous_27)
FN:148,(anonymous_28)
FN:150,(anonymous_29)
FN:158,(anonymous_30)
FN:160,(anonymous_31)
FN:168,(anonymous_32)
FN:170,(anonymous_33)
FN:179,(anonymous_34)
FN:181,(anonymous_35)
FN:192,(anonymous_36)
FN:200,(anonymous_37)
FN:209,(anonymous_38)
FN:217,(anonymous_39)
FN:226,(anonymous_40)
FNF:40
FNH:25
FNDA:1,(anonymous_1)
FNDA:1,(anonymous_2)
FNDA:1,(anonymous_3)
FNDA:0,(anonymous_4)
FNDA:1,(anonymous_5)
FNDA:1,(anonymous_6)
FNDA:1,(anonymous_7)
FNDA:0,(anonymous_8)
FNDA:1,(anonymous_9)
FNDA:0,(anonymous_10)
FNDA:1,(anonymous_11)
FNDA:1,(anonymous_12)
FNDA:0,(anonymous_13)
FNDA:1,(anonymous_14)
FNDA:1,(anonymous_15)
FNDA:0,(anonymous_16)
FNDA:1,(anonymous_17)
FNDA:0,(anonymous_18)
FNDA:1,(anonymous_19)
FNDA:1,(anonymous_20)
FNDA:0,(anonymous_21)
FNDA:1,(anonymous_22)
FNDA:0,(anonymous_23)
FNDA:1,(anonymous_24)
FNDA:0,(anonymous_25)
FNDA:1,(anonymous_26)
FNDA:1,(anonymous_27)
FNDA:1,(anonymous_28)
FNDA:0,(anonymous_29)
FNDA:1,(anonymous_30)
FNDA:0,(anonymous_31)
FNDA:1,(anonymous_32)
FNDA:0,(anonymous_33)
FNDA:1,(anonymous_34)
FNDA:1,(anonymous_35)
FNDA:0,(anonymous_36)
FNDA:1,(anonymous_37)
FNDA:0,(anonymous_38)
FNDA:1,(anonymous_39)
FNDA:0,(anonymous_40)
DA:1,1
DA:2,1
DA:3,1
DA:4,1
DA:6,1
DA:8,1
DA:10,1
DA:11,1
DA:14,0
DA:19,1
DA:21,1
DA:23,1
DA:24,1
DA:40,1
DA:44,0
DA:45,0
DA:46,0
DA:47,0
DA:48,0
DA:53,1
DA:54,1
DA:70,1
DA:74,0
DA:75,0
DA:76,0
DA:82,1
DA:83,1
DA:86,0
DA:87,0
DA:88,0
DA:93,1
DA:95,1
DA:98,0
DA:99,0
DA:100,0
DA:104,1
DA:107,0
DA:108,0
DA:109,0
DA:114,1
DA:116,1
DA:119,0
DA:120,0
DA:121,0
DA:122,0
DA:126,1
DA:129,0
DA:130,0
DA:134,1
DA:137,0
DA:138,0
DA:144,1
DA:146,1
DA:148,1
DA:151,0
DA:152,0
DA:153,0
DA:154,0
DA:158,1
DA:161,0
DA:162,0
DA:163,0
DA:164,0
DA:168,1
DA:171,0
DA:172,0
DA:173,0
DA:174,0
DA:179,1
DA:181,1
DA:182,1
DA:190,1
DA:193,0
DA:194,0
DA:195,0
DA:200,1
DA:201,1
DA:207,1
DA:210,0
DA:211,0
DA:212,0
DA:217,1
DA:218,1
DA:224,1
DA:227,0
DA:228,0
DA:229,0
DA:230,0
LF:88
LH:40
BRF:0
BRH:0
end_of_record
