TN:
SF:/home/emmanuel/Projects/SelfProject/sendit/src/app.js
FN:19,(anonymous_1)
FN:25,(anonymous_2)
FNF:2
FNH:1
FNDA:0,(anonymous_1)
FNDA:1,(anonymous_2)
DA:1,1
DA:3,1
DA:6,1
DA:7,1
DA:9,1
DA:11,1
DA:12,1
DA:16,1
DA:17,1
DA:19,1
DA:20,0
DA:23,1
DA:25,1
DA:26,1
LF:14
LH:13
BRF:0
BRH:0
end_of_record
TN:
SF:/home/emmanuel/Projects/SelfProject/sendit/src/data/parcels.js
FNF:0
FNH:0
DA:1,1
LF:1
LH:1
BRF:0
BRH:0
end_of_record
TN:
SF:/home/emmanuel/Projects/SelfProject/sendit/src/data/users.js
FNF:0
FNH:0
DA:1,1
LF:1
LH:1
BRF:0
BRH:0
end_of_record
TN:
SF:/home/emmanuel/Projects/SelfProject/sendit/src/routes/parcels.js
FN:9,(anonymous_2)
FN:17,(anonymous_3)
FN:19,calculatePrice
FN:53,(anonymous_5)
FN:63,(anonymous_6)
FN:66,(anonymous_7)
FN:83,(anonymous_8)
FN:84,(anonymous_9)
FNF:8
FNH:0
FNDA:0,(anonymous_2)
FNDA:0,(anonymous_3)
FNDA:0,calculatePrice
FNDA:0,(anonymous_5)
FNDA:0,(anonymous_6)
FNDA:0,(anonymous_7)
FNDA:0,(anonymous_8)
FNDA:0,(anonymous_9)
DA:1,1
DA:2,1
DA:3,1
DA:4,1
DA:6,1
DA:9,1
DA:12,0
DA:13,0
DA:15,0
DA:17,0
DA:19,0
DA:22,0
DA:25,0
DA:28,0
DA:29,0
DA:30,0
DA:31,0
DA:34,0
DA:36,0
DA:37,0
DA:46,0
DA:53,1
DA:54,0
DA:55,0
DA:63,1
DA:64,0
DA:65,0
DA:66,0
DA:69,0
DA:70,0
DA:76,0
DA:83,1
DA:84,0
DA:85,0
DA:86,0
DA:87,0
DA:89,0
DA:90,0
DA:95,0
DA:100,0
LF:40
LH:9
BRDA:22,0,0,0
BRDA:22,0,1,0
BRDA:26,1,0,0
BRDA:26,1,1,0
BRDA:69,2,0,0
BRDA:69,2,1,0
BRDA:87,3,0,0
BRDA:87,3,1,0
BRDA:89,4,0,0
BRDA:89,4,1,0
BRF:10
BRH:0
end_of_record
TN:
SF:/home/emmanuel/Projects/SelfProject/sendit/src/routes/users.js
FN:10,(anonymous_1)
FN:34,(anonymous_2)
FN:73,(anonymous_3)
FN:77,(anonymous_4)
FN:79,(anonymous_5)
FNF:5
FNH:0
FNDA:0,(anonymous_1)
FNDA:0,(anonymous_2)
FNDA:0,(anonymous_3)
FNDA:0,(anonymous_4)
FNDA:0,(anonymous_5)
DA:1,1
DA:3,1
DA:4,1
DA:5,1
DA:7,1
DA:8,1
DA:10,1
DA:11,0
DA:12,0
DA:13,0
DA:18,0
DA:19,0
DA:24,0
DA:25,0
DA:30,0
DA:31,0
DA:34,0
DA:35,0
DA:36,0
DA:42,0
DA:43,0
DA:50,0
DA:51,0
DA:52,0
DA:53,0
DA:55,0
DA:60,0
DA:66,0
DA:73,1
DA:74,0
DA:75,0
DA:77,0
DA:78,0
DA:79,0
DA:80,0
DA:81,0
DA:88,0
DA:93,0
DA:99,1
LF:39
LH:9
BRDA:12,0,0,0
BRDA:12,0,1,0
BRDA:18,1,0,0
BRDA:18,1,1,0
BRDA:24,2,0,0
BRDA:24,2,1,0
BRDA:30,3,0,0
BRDA:30,3,1,0
BRDA:35,4,0,0
BRDA:35,4,1,0
BRDA:78,5,0,0
BRDA:78,5,1,0
BRDA:80,6,0,0
BRDA:80,6,1,0
BRF:14
BRH:0
end_of_record
TN:
SF:/home/emmanuel/Projects/SelfProject/sendit/src/test/create_parcels_test.spec.js
FN:12,(anonymous_1)
FN:13,(anonymous_2)
FN:15,(anonymous_3)
FN:35,(anonymous_4)
FN:45,(anonymous_5)
FN:65,(anonymous_6)
FNF:6
FNH:2
FNDA:1,(anonymous_1)
FNDA:1,(anonymous_2)
FNDA:0,(anonymous_3)
FNDA:0,(anonymous_4)
FNDA:0,(anonymous_5)
FNDA:0,(anonymous_6)
DA:1,1
DA:2,1
DA:3,1
DA:4,1
DA:10,1
DA:12,1
DA:13,1
DA:15,1
DA:16,0
DA:32,0
DA:36,0
DA:37,0
DA:38,0
DA:39,0
DA:40,0
DA:45,1
DA:46,0
DA:62,0
DA:66,0
DA:67,0
DA:68,0
LF:21
LH:9
BRF:0
BRH:0
end_of_record
TN:
SF:/home/emmanuel/Projects/SelfProject/sendit/src/test/retrieve_parcels_test.spec.js
FN:13,(anonymous_1)
FN:14,(anonymous_2)
FN:16,(anonymous_3)
FN:23,(anonymous_4)
FN:25,(anonymous_5)
FNF:5
FNH:1
FNDA:1,(anonymous_1)
FNDA:0,(anonymous_2)
FNDA:0,(anonymous_3)
FNDA:0,(anonymous_4)
FNDA:0,(anonymous_5)
DA:1,1
DA:2,1
DA:3,1
DA:4,1
DA:7,1
DA:10,1
DA:13,1
DA:14,1
DA:17,0
DA:18,0
DA:19,0
DA:23,1
DA:26,0
DA:27,0
DA:28,0
LF:15
LH:9
BRF:0
BRH:0
end_of_record
TN:
SF:/home/emmanuel/Projects/SelfProject/sendit/src/test/test.spec.js
FN:11,(anonymous_1)
FN:14,(anonymous_2)
FN:16,(anonymous_3)
FN:18,(anonymous_4)
FN:20,(anonymous_5)
FN:28,(anonymous_6)
FN:30,(anonymous_7)
FN:38,(anonymous_8)
FN:40,(anonymous_9)
FN:49,(anonymous_10)
FN:51,(anonymous_11)
FN:63,(anonymous_12)
FN:71,(anonymous_13)
FN:80,(anonymous_14)
FN:88,(anonymous_15)
FN:97,(anonymous_16)
FNF:16
FNH:4
FNDA:1,(anonymous_1)
FNDA:1,(anonymous_2)
FNDA:1,(anonymous_3)
FNDA:0,(anonymous_4)
FNDA:0,(anonymous_5)
FNDA:0,(anonymous_6)
FNDA:0,(anonymous_7)
FNDA:0,(anonymous_8)
FNDA:0,(anonymous_9)
FNDA:1,(anonymous_10)
FNDA:0,(anonymous_11)
FNDA:0,(anonymous_12)
FNDA:0,(anonymous_13)
FNDA:0,(anonymous_14)
FNDA:0,(anonymous_15)
FNDA:0,(anonymous_16)
DA:1,1
DA:2,1
DA:3,1
DA:4,1
DA:9,1
DA:11,1
DA:14,1
DA:16,1
DA:18,1
DA:21,0
DA:22,0
DA:23,0
DA:24,0
DA:28,1
DA:31,0
DA:32,0
DA:33,0
DA:34,0
DA:38,1
DA:41,0
DA:42,0
DA:43,0
DA:44,0
DA:49,1
DA:51,1
DA:52,0
DA:61,0
DA:64,0
DA:65,0
DA:66,0
DA:71,1
DA:72,0
DA:78,0
DA:81,0
DA:82,0
DA:83,0
DA:88,1
DA:89,0
DA:95,0
DA:98,0
DA:99,0
DA:100,0
DA:101,0
LF:43
LH:15
BRF:0
BRH:0
end_of_record
TN:
SF:/home/emmanuel/Projects/SelfProject/sendit/src/test/update_parcles_test.spec.js
FN:13,(anonymous_1)
FN:15,(anonymous_2)
FN:17,(anonymous_3)
FN:26,(anonymous_4)
FN:28,(anonymous_5)
FN:34,(anonymous_6)
FN:36,(anonymous_7)
FNF:7
FNH:1
FNDA:1,(anonymous_1)
FNDA:0,(anonymous_2)
FNDA:0,(anonymous_3)
FNDA:0,(anonymous_4)
FNDA:0,(anonymous_5)
FNDA:0,(anonymous_6)
FNDA:0,(anonymous_7)
DA:1,1
DA:2,1
DA:3,1
DA:4,1
DA:7,1
DA:10,1
DA:13,1
DA:15,1
DA:18,0
DA:19,0
DA:20,0
DA:21,0
DA:22,0
DA:26,1
DA:29,0
DA:30,0
DA:34,1
DA:37,0
DA:38,0
LF:19
LH:10
BRF:0
BRH:0
end_of_record
